Arguments: 
  /home/vagrant/.nvm/versions/node/v10.14.2/bin/node /home/vagrant/.yarn/bin/yarn.js install

PATH: 
  /home/vagrant/.yarn/bin:/home/vagrant/.config/yarn/global/node_modules/.bin:/home/vagrant/.nvm/versions/node/v10.14.2/bin:/usr/local/sbin:/usr/local/bin:/usr/sbin:/usr/bin:/sbin:/bin:/usr/games:/usr/local/games:/snap/bin

Yarn version: 
  1.13.0

Node version: 
  10.14.2

Platform: 
  linux x64

Trace: 
  Error: EPROTO: protocol error, symlink '../../../sshpk/bin/sshpk-conv' -> '/home/vagrant/workspace/password-challenger/node_modules/http-signature/node_modules/.bin/sshpk-conv'

npm manifest: 
  {
    "name": "password-challenger",
    "version": "1.0.0",
    "description": "",
    "main": "index.js",
    "scripts": {
      "test": "echo \"Error: no test specified\" && exit 1"
    },
    "author": "",
    "license": "ISC",
    "dependencies": {
      "request": "^2.67.0"
    }
  }

yarn manifest: 
  No manifest

Lockfile: 
  No lockfile
